SF:lib/src/data/currency_service.dart
DA:5,10
DA:6,10
DA:7,10
DA:8,10
DA:9,30
DA:12,30
DA:17,4
DA:19,36
DA:21,1
DA:22,4
LF:10
LH:10
end_of_record
SF:lib/src/data/currency.dart
DA:15,16
LF:1
LH:1
end_of_record
SF:lib/src/data/currency_mapper.dart
DA:4,1
DA:5,1
DA:6,1
DA:7,1
DA:8,1
DA:9,1
DA:10,1
DA:11,1
DA:12,1
DA:13,1
DA:14,1
DA:15,1
DA:16,1
DA:17,1
DA:21,1
DA:22,1
DA:23,1
DA:24,1
DA:25,1
DA:26,1
DA:27,1
DA:28,1
DA:29,1
DA:30,1
DA:31,1
DA:32,1
DA:33,1
DA:34,1
LF:28
LH:28
end_of_record
SF:lib/src/widgets/show_currency_bottom_sheet.dart
DA:4,1
DA:22,1
DA:24,1
DA:29,1
DA:34,1
DA:36,2
DA:41,1
DA:42,1
LF:8
LH:8
end_of_record
SF:lib/src/widgets/components/currency_list_item.dart
DA:13,3
DA:23,3
DA:26,7
DA:28,4
DA:29,9
DA:31,7
DA:33,3
DA:35,3
DA:36,1
DA:37,3
DA:38,1
DA:40,3
DA:42,3
DA:44,3
DA:45,3
DA:46,3
DA:47,3
DA:49,5
DA:50,4
DA:53,3
DA:54,3
DA:56,3
DA:57,3
DA:58,3
DA:59,9
DA:61,3
DA:62,3
DA:63,3
DA:64,6
DA:65,3
DA:76,3
DA:78,9
LF:32
LH:32
end_of_record
SF:lib/src/widgets/flags/currency_asset_flag.dart
DA:14,3
DA:24,3
DA:32,3
DA:42,3
DA:44,6
DA:45,5
DA:47,3
DA:48,6
DA:49,6
DA:50,3
DA:51,3
DA:52,3
LF:12
LH:12
end_of_record
SF:lib/src/widgets/flags/currency_asset_flag_circular.dart
DA:14,1
DA:23,1
DA:31,1
DA:41,1
DA:43,2
DA:44,3
DA:46,1
DA:47,1
DA:48,1
DA:49,1
DA:51,1
DA:52,3
DA:53,1
DA:54,2
DA:55,2
DA:56,1
DA:57,1
DA:58,1
LF:18
LH:18
end_of_record
SF:lib/src/widgets/flags/currency_emoji_flag.dart
DA:9,1
DA:15,1
DA:17,1
DA:18,2
DA:19,2
LF:5
LH:5
end_of_record
SF:lib/src/widgets/layout/currency_modal_content.dart
DA:58,2
DA:77,2
DA:78,2
DA:87,2
DA:89,4
DA:91,10
DA:93,4
DA:94,2
DA:95,3
DA:96,1
DA:98,2
DA:99,3
DA:103,4
DA:104,4
DA:105,2
DA:109,6
DA:110,2
DA:113,2
DA:115,4
DA:116,2
DA:119,2
DA:121,2
DA:122,2
DA:123,2
DA:124,2
DA:127,4
DA:128,4
DA:130,2
DA:131,4
DA:132,4
DA:133,2
DA:134,2
DA:137,8
DA:139,2
DA:140,2
DA:141,4
DA:142,4
DA:143,2
DA:144,3
DA:145,2
DA:146,2
DA:148,2
DA:149,2
DA:150,2
DA:151,2
DA:152,2
DA:155,1
DA:157,4
DA:158,4
DA:160,4
DA:161,4
DA:162,4
DA:163,4
DA:164,4
DA:167,2
DA:175,1
DA:176,1
DA:178,1
DA:179,2
DA:181,1
DA:182,1
DA:183,1
DA:184,5
DA:185,5
DA:187,1
DA:190,3
LF:66
LH:66
end_of_record
SF:lib/src/extension/currency_placeholder_ext.dart
DA:11,1
DA:13,2
DA:14,4
DA:17,1
DA:23,1
DA:25,1
DA:26,2
DA:28,2
LF:8
LH:8
end_of_record
SF:lib/src/extension/currency_flag_asset_ext.dart
DA:4,5
DA:5,15
DA:8,5
LF:3
LH:3
end_of_record
SF:lib/src/extension/currency_flag_emoji_ext.dart
DA:11,2
DA:12,8
DA:13,8
DA:14,6
LF:4
LH:4
end_of_record
SF:lib/src/formatter/formatter_from_currency.dart
DA:3,1
DA:7,1
DA:8,1
DA:9,1
DA:10,1
DA:11,1
DA:12,1
DA:14,1
DA:15,1
LF:9
LH:9
end_of_record
SF:lib/src/formatter/currency_formatter.dart
DA:6,1
DA:19,1
DA:27,2
DA:28,2
DA:34,2
DA:46,2
DA:47,2
DA:50,2
DA:51,3
DA:52,3
DA:55,2
DA:73,2
DA:82,0
DA:85,2
DA:100,0
DA:116,0
DA:123,0
DA:126,0
DA:158,2
DA:160,1
DA:161,2
DA:163,4
DA:165,1
DA:167,2
DA:168,1
DA:169,1
DA:172,1
DA:174,1
DA:175,1
DA:176,1
DA:177,2
DA:178,3
DA:179,1
DA:180,1
DA:182,0
DA:183,0
DA:184,0
DA:185,0
DA:186,0
DA:189,4
DA:193,1
DA:194,1
DA:196,2
DA:198,1
DA:199,0
DA:201,1
DA:203,1
DA:204,4
DA:207,1
DA:209,2
DA:211,1
DA:212,2
DA:214,1
DA:216,1
DA:220,1
DA:221,1
DA:222,2
DA:225,1
DA:226,1
DA:227,0
DA:230,1
DA:235,2
DA:239,2
DA:241,2
DA:242,0
DA:243,0
DA:247,2
DA:248,2
DA:251,7
DA:254,2
DA:258,2
DA:261,1
DA:262,2
DA:267,6
DA:268,3
DA:270,1
DA:271,3
DA:273,1
DA:276,3
DA:278,2
DA:279,0
DA:280,0
DA:283,1
DA:285,2
DA:289,1
DA:291,4
DA:292,0
DA:293,0
DA:294,0
DA:298,1
DA:299,0
DA:302,1
DA:303,1
DA:304,1
DA:305,1
DA:310,1
DA:314,2
DA:315,5
DA:316,1
DA:318,3
DA:321,1
DA:322,3
DA:323,2
DA:326,1
DA:327,1
DA:330,1
DA:331,4
DA:334,1
DA:335,2
DA:338,1
DA:339,1
DA:340,2
DA:342,0
DA:345,2
DA:346,1
DA:347,1
DA:351,1
DA:357,1
DA:359,1
DA:360,3
DA:362,1
DA:363,1
DA:364,2
DA:365,2
DA:366,2
DA:367,4
DA:368,1
DA:372,1
DA:374,1
DA:375,2
DA:376,0
DA:377,2
DA:378,0
DA:380,1
LF:134
LH:111
end_of_record
SF:lib/src/theme/currency_picker_theme_data.dart
DA:38,2
LF:1
LH:1
end_of_record
SF:lib/src/data/currencies.dart
DA:16,20
LF:1
LH:1
end_of_record
SF:lib/src/widgets/components/currency_search_bar.dart
DA:11,2
DA:21,2
DA:23,2
DA:24,2
DA:25,2
DA:26,2
DA:27,2
DA:30,2
DA:31,2
DA:32,2
DA:35,2
DA:36,2
DA:44,2
LF:13
LH:13
end_of_record
